2023-09-30 20:29:13.481 [info] Experiment 'python.createEnvironment.trigger' is active
2023-09-30 20:29:13.481 [info] Experiment 'pythonPromptNewFormatterExt' is active
2023-09-30 20:29:13.481 [info] Experiment 'pythonPromptNewToolsExt' is active
2023-09-30 20:29:13.481 [info] Test server listening.
2023-09-30 20:29:13.575 [warning] Retry failed, storage update failed for key PYTHON_GLOBAL_STORAGE_KEYS
2023-09-30 20:29:13.641 [info] Python interpreter path: /bin/python
2023-09-30 20:29:13.684 [warning] Retry failed, storage update failed for key PYTHON_GLOBAL_STORAGE_KEYS
2023-09-30 20:29:13.684 [warning] Retry failed, storage update failed for key PYTHON_GLOBAL_STORAGE_KEYS
2023-09-30 20:29:13.684 [warning] Retry failed, storage update failed for key PYTHON_GLOBAL_STORAGE_KEYS
2023-09-30 20:29:13.684 [warning] Retry failed, storage update failed for key PYTHON_GLOBAL_STORAGE_KEYS
2023-09-30 20:29:13.684 [warning] Retry failed, storage update failed for key PYTHON_GLOBAL_STORAGE_KEYS
2023-09-30 20:29:13.684 [warning] Retry failed, storage update failed for key PYTHON_WORKSPACE_STORAGE_KEYS
2023-09-30 20:29:13.684 [warning] Retry failed, storage update failed for key PYTHON_WORKSPACE_STORAGE_KEYS
2023-09-30 20:29:13.684 [warning] Retry failed, storage update failed for key PYTHON_WORKSPACE_STORAGE_KEYS
2023-09-30 20:29:16.851 [info] Send text to terminal: /bin/python /home/plantpi/programs/timelapse-project/take-picture.py
2023-09-30 20:29:18.169 [info] Starting Pylance language server.
2023-09-30 20:32:06.511 [info] Discover tests for workspace name: plantpi - uri: /home/plantpi/programs/timelapse-project/take-picture.py
2023-09-30 20:32:13.041 [info] Send text to terminal: /bin/python /home/plantpi/programs/timelapse-project/take-picture.py
2023-09-30 21:15:25.193 [info] Discover tests for workspace name: plantpi - uri: /home/plantpi/programs/timelapse-project/take-picture.py
2023-09-30 21:15:26.024 [info] Discover tests for workspace name: plantpi - uri: /home/plantpi/programs/timelapse-project/take-picture.py
2023-09-30 21:15:27.819 [info] Send text to terminal: /bin/python /home/plantpi/programs/timelapse-project/take-picture.py
2023-09-30 21:15:34.807 [info] Send text to terminal: /bin/python /home/plantpi/programs/timelapse-project/take-picture.py
2023-09-30 21:17:55.035 [info] Discover tests for workspace name: plantpi - uri: /home/plantpi/programs/timelapse-project/take-picture.py
2023-09-30 21:17:56.503 [info] Discover tests for workspace name: plantpi - uri: /home/plantpi/programs/timelapse-project/take-picture.py
2023-09-30 21:17:57.502 [info] Send text to terminal: /bin/python /home/plantpi/programs/timelapse-project/take-picture.py
2023-09-30 21:18:02.617 [info] Send text to terminal: /bin/python /home/plantpi/programs/timelapse-project/take-picture.py
2023-09-30 21:18:08.877 [info] Send text to terminal: /bin/python /home/plantpi/programs/timelapse-project/take-picture.py
2023-09-30 21:18:17.582 [info] Send text to terminal: /bin/python /home/plantpi/programs/timelapse-project/take-picture.py
2023-09-30 21:21:56.864 [info] Discover tests for workspace name: plantpi - uri: /home/plantpi/programs/timelapse-project/take-picture.py
2023-09-30 21:21:58.314 [info] Discover tests for workspace name: plantpi - uri: /home/plantpi/programs/timelapse-project/take-picture.py
