2023-09-30 21:22:15.243 [warning] /home/plantpi/.ssh/config: ENOENT: no such file or directory, open '/home/plantpi/.ssh/config'
2023-09-30 21:22:16.054 [info] Looking for git repository
2023-09-30 21:22:16.054 [info] Found 0 repositories during activation
2023-09-30 21:22:16.054 [info] Git repository found, initializing review manager and pr tree view.
2023-09-30 21:22:16.068 [info] Registering git provider
2023-09-30 21:22:16.068 [info] Review> Validate state in progress
2023-09-30 21:22:16.068 [info] Review> Validating state...
2023-09-30 21:22:16.069 [warning] No remotes found. The following remotes are missing: origin, upstream
2023-09-30 21:22:16.069 [info] No GitHub remotes found for folder /home/plantpi
2023-09-30 21:22:16.567 [info] Review> Queuing additional validate state
2023-09-30 21:22:16.567 [info] Repo state for file:///home/plantpi changed.
2023-09-30 21:22:16.567 [info] Repo file:///home/plantpi has already been setup.
2023-09-30 21:22:16.568 [info] Review> No matching pull request metadata found locally for current branch master
2023-09-30 21:22:16.568 [info] Review> no matching pull request metadata found for current branch master
2023-09-30 21:22:16.570 [info] Review> No matching pull request metadata found on GitHub for current branch master
2023-09-30 21:22:16.876 [info] Review> Validating state...
2023-09-30 21:22:16.893 [info] Found GitHub remote for folder /home/plantpi
2023-09-30 21:22:17.444 [info] Trying to use globalState for assignableUsers.
2023-09-30 21:22:18.232 [info] GlobalState does not exist for assignableUsers.
2023-09-30 21:22:18.495 [info] Review> No matching pull request metadata found locally for current branch main
2023-09-30 21:22:18.495 [info] Review> no matching pull request metadata found for current branch main
2023-09-30 21:22:19.316 [info] Review> No matching pull request metadata found on GitHub for current branch main
